<?xml version="1.0" encoding="utf-8"?><testsuites name="pytest tests"><testsuite name="pytest" errors="0" failures="0" skipped="0" tests="14" time="31.858" timestamp="2026-06-19T19:18:17.714875+00:00" hostname="agent-env-94a0c9e5-7cc5-40a8-8cd3-20ac13cecdc4"><testcase classname="backend.tests.test_capsules_api.TestHealth" name="test_root" time="0.139" /><testcase classname="backend.tests.test_capsules_api.TestHealth" name="test_stats_shape" time="0.051" /><testcase classname="backend.tests.test_capsules_api.TestGenerate" name="test_generate_returns_valid_capsule" time="16.301" /><testcase classname="backend.tests.test_capsules_api.TestGenerate" name="test_generate_tags_exactly_13_with_required" time="0.000" /><testcase classname="backend.tests.test_capsules_api.TestGenerate" name="test_generate_description_template" time="0.000" /><testcase classname="backend.tests.test_capsules_api.TestImage" name="test_image_front" time="0.086" /><testcase classname="backend.tests.test_capsules_api.TestImage" name="test_image_back" time="0.058" /><testcase classname="backend.tests.test_capsules_api.TestImage" name="test_image_invalid_side" time="0.047" /><testcase classname="backend.tests.test_capsules_api.TestApproveFlow" name="test_approve_capsule" time="0.147" /><testcase classname="backend.tests.test_capsules_api.TestApproveFlow" name="test_approved_list_contains" time="0.054" /><testcase classname="backend.tests.test_capsules_api.TestApproveFlow" name="test_approve_unknown_returns_404" time="0.049" /><testcase classname="backend.tests.test_capsules_api.TestDenyFlow" name="test_deny_deletes_capsule" time="14.634" /><testcase classname="backend.tests.test_capsules_api.TestDenyFlow" name="test_deny_unknown_returns_404" time="0.051" /><testcase classname="backend.tests.test_capsules_api.TestExportCSV" name="test_csv_export" time="0.049" /></testsuite></testsuites>